<?xml version="1.0" encoding="UTF-8"?>
<testsuite xmlns:xsi="http://www.w3.org/2001/XMLSchema-instance" xsi:noNamespaceSchemaLocation="https://maven.apache.org/surefire/maven-surefire-plugin/xsd/surefire-test-report-3.0.xsd" version="3.0" name="com.greatlearning.emr.EmrApplicationTests" time="6.033" tests="1" errors="0" skipped="0" failures="0">
  <properties>
[...]
</properties>
  <testcase name="contextLoads" classname="com.greatlearning.emr.EmrApplicationTests" time="0.706">
    <system-out><![CDATA[20:39:42.631 [main] INFO org.springframework.test.context.support.AnnotationConfigContextLoaderUtils -- Could not detect default configuration classes for test class [com.greatlearning.emr.EmrApplicationTests]: EmrApplicationTests does not declare any static, non-private, non-final, nested classes annotated with @Configuration.
20:39:42.724 [main] INFO org.springframework.boot.test.context.SpringBootTestContextBootstrapper -- Found @SpringBootConfiguration com.greatlearning.emr.EmrApplication for test class com.greatlearning.emr.EmrApplicationTests
20:39:42.891 [main] INFO org.springframework.boot.devtools.restart.RestartApplicationListener -- Restart disabled due to context in which it is running

  .   ____          _            __ _ _
 /\\ / ___'_ __ _ _(_)_ __  __ _ \ \ \ \
( ( )\___ | '_ | '_| | '_ \/ _` | \ \ \ \
 \\/  ___)| |_)| | | | | || (_| |  ) ) ) )
  '  |____| .__|_| |_|_| |_\__, | / / / /
 =========|_|==============|___/=/_/_/_/
 :: Spring Boot ::                (v3.2.5)

2024-05-20T20:39:43.119+05:30  INFO 21364 --- [emr] [           main] c.greatlearning.emr.EmrApplicationTests  : Starting EmrApplicationTests using Java 21.0.1 with PID 21364 (started by parth in C:\Great Learning\Project\G1_BED_GradedProject4-\emr)
2024-05-20T20:39:43.121+05:30  INFO 21364 --- [emr] [           main] c.greatlearning.emr.EmrApplicationTests  : No active profile set, falling back to 1 default profile: "default"
2024-05-20T20:39:43.790+05:30  INFO 21364 --- [emr] [           main] .s.d.r.c.RepositoryConfigurationDelegate : Bootstrapping Spring Data JPA repositories in DEFAULT mode.
2024-05-20T20:39:43.845+05:30  INFO 21364 --- [emr] [           main] .s.d.r.c.RepositoryConfigurationDelegate : Finished Spring Data repository scanning in 47 ms. Found 2 JPA repository interfaces.
2024-05-20T20:39:44.306+05:30  INFO 21364 --- [emr] [           main] o.hibernate.jpa.internal.util.LogHelper  : HHH000204: Processing PersistenceUnitInfo [name: default]
2024-05-20T20:39:44.386+05:30  INFO 21364 --- [emr] [           main] org.hibernate.Version                    : HHH000412: Hibernate ORM core version 6.4.4.Final
2024-05-20T20:39:44.422+05:30  INFO 21364 --- [emr] [           main] o.h.c.internal.RegionFactoryInitiator    : HHH000026: Second-level cache disabled
2024-05-20T20:39:44.660+05:30  INFO 21364 --- [emr] [           main] o.s.o.j.p.SpringPersistenceUnitInfo      : No LoadTimeWeaver setup: ignoring JPA class transformer
2024-05-20T20:39:44.690+05:30  INFO 21364 --- [emr] [           main] com.zaxxer.hikari.HikariDataSource       : HikariPool-1 - Starting...
2024-05-20T20:39:45.023+05:30  INFO 21364 --- [emr] [           main] com.zaxxer.hikari.pool.HikariPool        : HikariPool-1 - Added connection com.mysql.cj.jdbc.ConnectionImpl@1a84a8b2
2024-05-20T20:39:45.025+05:30  INFO 21364 --- [emr] [           main] com.zaxxer.hikari.HikariDataSource       : HikariPool-1 - Start completed.
2024-05-20T20:39:46.007+05:30  INFO 21364 --- [emr] [           main] o.h.e.t.j.p.i.JtaPlatformInitiator       : HHH000489: No JTA platform available (set 'hibernate.transaction.jta.platform' to enable JTA platform integration)
Hibernate: create table employee (id integer not null auto_increment, email varchar(255), first_name varchar(255), last_name varchar(255), primary key (id)) engine=InnoDB
Hibernate: create table roles (role_id integer not null auto_increment, name varchar(255), primary key (role_id)) engine=InnoDB
Hibernate: create table users (user_id bigint not null auto_increment, password varchar(255), username varchar(255), primary key (user_id)) engine=InnoDB
Hibernate: create table users_roles (user_id bigint not null, role_id integer not null) engine=InnoDB
Hibernate: alter table users_roles add constraint FKj6m8fwv7oqv74fcehir1a9ffy foreign key (role_id) references roles (role_id)
Hibernate: alter table users_roles add constraint FK2o0jvgh89lemvvo17cbqvdxaa foreign key (user_id) references users (user_id)
2024-05-20T20:39:46.188+05:30  INFO 21364 --- [emr] [           main] j.LocalContainerEntityManagerFactoryBean : Initialized JPA EntityManagerFactory for persistence unit 'default'
2024-05-20T20:39:46.524+05:30  INFO 21364 --- [emr] [           main] o.s.d.j.r.query.QueryEnhancerFactory     : Hibernate is in classpath; If applicable, HQL parser will be used.
2024-05-20T20:39:47.014+05:30  WARN 21364 --- [emr] [           main] JpaBaseConfiguration$JpaWebConfiguration : spring.jpa.open-in-view is enabled by default. Therefore, database queries may be performed during view rendering. Explicitly configure spring.jpa.open-in-view to disable this warning
2024-05-20T20:39:47.408+05:30  INFO 21364 --- [emr] [           main] o.s.s.web.DefaultSecurityFilterChain     : Will secure any request with [org.springframework.security.web.session.DisableEncodeUrlFilter@6314e967, org.springframework.security.web.context.request.async.WebAsyncManagerIntegrationFilter@48611ad4, org.springframework.security.web.context.SecurityContextHolderFilter@109fff4a, org.springframework.security.web.header.HeaderWriterFilter@117bfeb8, org.springframework.web.filter.CorsFilter@4434eb51, org.springframework.security.web.authentication.logout.LogoutFilter@7315264e, org.springframework.security.web.authentication.UsernamePasswordAuthenticationFilter@fd07138, org.springframework.security.web.authentication.ui.DefaultLoginPageGeneratingFilter@50572c04, org.springframework.security.web.authentication.ui.DefaultLogoutPageGeneratingFilter@1d0b4b69, org.springframework.security.web.savedrequest.RequestCacheAwareFilter@144caca6, org.springframework.security.web.servletapi.SecurityContextHolderAwareRequestFilter@532782f5, org.springframework.security.web.authentication.AnonymousAuthenticationFilter@5910c67e, org.springframework.security.web.access.ExceptionTranslationFilter@14501070, org.springframework.security.web.access.intercept.FilterSecurityInterceptor@4e7d77ec]
2024-05-20T20:39:47.769+05:30  INFO 21364 --- [emr] [           main] c.greatlearning.emr.EmrApplicationTests  : Started EmrApplicationTests in 4.894 seconds (process running for 5.792)
]]></system-out>
    <system-err><![CDATA[WARNING: A Java agent has been loaded dynamically (C:\Users\parth\.m2\repository\net\bytebuddy\byte-buddy-agent\1.14.13\byte-buddy-agent-1.14.13.jar)
WARNING: If a serviceability tool is in use, please run with -XX:+EnableDynamicAgentLoading to hide this warning
WARNING: If a serviceability tool is not in use, please run with -Djdk.instrument.traceUsage for more information
WARNING: Dynamic loading of agents will be disallowed by default in a future release
]]></system-err>
  </testcase>
</testsuite>